<?xml version="1.0" encoding="UTF-8"?>
<hazelcast id="hazelcast-consul-discovery" 
           xsi:schemaLocation="http://www.hazelcast.com/schema/config hazelcast-config-3.6.xsd"
           xmlns="http://www.hazelcast.com/schema/config"
           xmlns:xsi="http://www.w3.org/2001/XMLSchema-instance">
           
    <!-- 
     #####################
      IMPORTANT: @see src/main/resources/hazelcast-consul-discovery-spi-example.xml
      For documentation on the discovery-strategy properties and their usage
     #####################
     -->
    <group>
        <name>test-LocalDiscoveryNodeRegistrator</name>
        <password>haz3lcast1</password>
    </group>

    <properties>
        <property name="hazelcast.discovery.enabled">true</property>
        <property name="hazelcast.shutdownhook.enabled">false</property> 
    </properties>

    <network>
        <port auto-increment="true">5701</port>
        
        <public-address>${hz.public.address.ip}:${hz.public.address.port}</public-address>
        
        <join>
            <multicast enabled="false"/>
              <aws enabled="false"/>
              <tcp-ip enabled="false" />
              
             <discovery-strategies>
        
               <discovery-strategy enabled="true"
                   class="cc.springcloud.hazelcast.discovery.consul.ConsulDiscoveryStrategy">
        
                 <properties>
                      <property name="consul-host">${consulHost}</property>
                      <property name="consul-port">${consulPort}</property>
                      <property name="consul-service-name">test-LocalDiscoveryNodeRegistrator</property>
                      <property name="consul-healthy-only">true</property>
                      <property name="consul-service-tags">LocalDiscoveryNodeRegistrator</property>
                      <property name="consul-discovery-delay-ms">10000</property>
					  
					  <property name="consul-acl-token">${consulAclToken}</property>
					  <property name="consul-ssl-enabled">${consulSslEnabled}</property>
					  <property name="consul-ssl-server-cert-file-path">${consulSslServerCertFilePath}</property>
					  
                      <property name="consul-registrator">cc.springcloud.hazelcast.discovery.consul.LocalDiscoveryNodeRegistrator</property>
                      <property name="consul-registrator-config"><![CDATA[
{
    "preferPublicAddress":false,
	"Check": {
		"Script": "nc -z #MYIP #MYPORT",
		"Interval": 30s,
		"Timeout": 30s,
		"TCP": "#MYIP:#MYPORT",
		"DeregisterCriticalServiceAfter": null,
		"TLSSkipVerify": false,
		"Status": null
	}
}
                                                                  ]]></property>
                 </properties>
               </discovery-strategy>
             </discovery-strategies>
              
        </join>
    </network>
</hazelcast>
